GROUP,PACKAGE,CLASS,INSTRUCTION_MISSED,INSTRUCTION_COVERED,BRANCH_MISSED,BRANCH_COVERED,LINE_MISSED,LINE_COVERED,COMPLEXITY_MISSED,COMPLEXITY_COVERED,METHOD_MISSED,METHOD_COVERED
CS410J Phone Bill Project,edu.pdx.cs410J.danford,TextDumper,14,80,0,4,5,25,0,6,0,4
CS410J Phone Bill Project,edu.pdx.cs410J.danford,Project3,116,405,14,46,40,93,15,33,3,15
CS410J Phone Bill Project,edu.pdx.cs410J.danford,PhoneCall,0,233,0,8,0,49,0,17,0,13
CS410J Phone Bill Project,edu.pdx.cs410J.danford,Sorter,0,19,0,2,0,5,0,3,0,2
CS410J Phone Bill Project,edu.pdx.cs410J.danford,TextParser,28,148,4,4,8,27,4,8,0,8
CS410J Phone Bill Project,edu.pdx.cs410J.danford,PhoneBill,0,44,0,2,0,11,0,5,0,4
