<?xml version="1.0" encoding="UTF-8"?>
<testsuite xmlns:xsi="http://www.w3.org/2001/XMLSchema-instance" xsi:noNamespaceSchemaLocation="https://maven.apache.org/surefire/maven-surefire-plugin/xsd/surefire-test-report-3.0.xsd" version="3.0" name="edu.pdx.cs410J.danford.PhoneCallTest" time="0.031" tests="14" errors="0" skipped="0" failures="0">
  <properties>
[...]
</properties>
  <testcase name="phoneNumbersAreNotTacos" classname="edu.pdx.cs410J.danford.PhoneCallTest" time="0.005"/>
  <testcase name="testGetEndTimeString" classname="edu.pdx.cs410J.danford.PhoneCallTest" time="0"/>
  <testcase name="testMakeDataString" classname="edu.pdx.cs410J.danford.PhoneCallTest" time="0"/>
  <testcase name="testFormatAndStringADate" classname="edu.pdx.cs410J.danford.PhoneCallTest" time="0"/>
  <testcase name="datesAreNotTheAlamo" classname="edu.pdx.cs410J.danford.PhoneCallTest" time="0.005"/>
  <testcase name="testPrettyOutput" classname="edu.pdx.cs410J.danford.PhoneCallTest" time="0"/>
  <testcase name="testGetStartTimeString" classname="edu.pdx.cs410J.danford.PhoneCallTest" time="0"/>
  <testcase name="theSimpleConstructorNullsEverything" classname="edu.pdx.cs410J.danford.PhoneCallTest" time="0"/>
  <testcase name="testGetCallee" classname="edu.pdx.cs410J.danford.PhoneCallTest" time="0"/>
  <testcase name="testGetCaller" classname="edu.pdx.cs410J.danford.PhoneCallTest" time="0.001"/>
  <testcase name="youDontTellTimeWithLetters" classname="edu.pdx.cs410J.danford.PhoneCallTest" time="0.01"/>
  <testcase name="checkAMPMFail" classname="edu.pdx.cs410J.danford.PhoneCallTest" time="0.003"/>
  <testcase name="checkAMPMPass" classname="edu.pdx.cs410J.danford.PhoneCallTest" time="0"/>
  <testcase name="theFullConstructorShouldWork" classname="edu.pdx.cs410J.danford.PhoneCallTest" time="0"/>
</testsuite>